#
# A fatal error has been detected by the Java Runtime Environment:
#
#  EXCEPTION_ACCESS_VIOLATION (0xc0000005) at pc=0x6d166ad0, pid=468, tid=1612
#
# JRE version: 6.0_21-b07
# Java VM: Java HotSpot(TM) Client VM (17.0-b17 mixed mode, sharing windows-x86 )
# Problematic frame:
# C  [awt.dll+0xb6ad0]
#
# If you would like to submit a bug report, please visit:
#   http://java.sun.com/webapps/bugreport/crash.jsp
# The crash happened outside the Java Virtual Machine in native code.
# See problematic frame for where to report the bug.
#

---------------  T H R E A D  ---------------

Current thread (0x04a4e000):  JavaThread "AWT-Windows" daemon [_thread_in_native, id=1612, stack(0x05000000,0x05050000)]

siginfo: ExceptionCode=0xc0000005, reading address 0x00000000

Registers:
EAX=0x0504f878, EBX=0x04a5a1f0, ECX=0x0000036e, EDX=0x00000180
ESP=0x0504f860, EBP=0x76611450, ESI=0x00000000, EDI=0x00000180
EIP=0x6d166ad0, EFLAGS=0x00010212

Top of Stack: (sp=0x0504f860)
0x0504f860:   0504f878 00001000 00000000 04a57fd0
0x0504f870:   00000001 0504f868 0504f86c 6d15e4ad
0x0504f880:   00000000 00000000 04a57fd0 6d15e57a
0x0504f890:   00000000 04a57fd0 00000001 6d15e67e
0x0504f8a0:   04a57fd0 6d1137c2 006230b0 00000000
0x0504f8b0:   6d1605b0 00000001 6d1b2f50 6d1b2938
0x0504f8c0:   006230b0 6d1619d2 6d1b2f48 6d161bb9
0x0504f8d0:   6d14a443 00000000 0000064c 00000000 

Instructions: (pc=0x6d166ad0)
0x6d166ac0:   05 00 20 00 00 50 c1 e2 05 8d 44 24 14 50 8b fa
0x6d166ad0:   8b 16 57 c1 e1 05 51 56 ff 52 2c 85 c0 0f 8c 93 


Stack: [0x05000000,0x05050000],  sp=0x0504f860,  free space=13e0504f344k
Native frames: (J=compiled Java code, j=interpreted, Vv=VM code, C=native code)
C  [awt.dll+0xb6ad0]

Java frames: (J=compiled Java code, j=interpreted, Vv=VM code)
j  sun.awt.windows.WToolkit.eventLoop()V+0
j  sun.awt.windows.WToolkit.run()V+52
j  java.lang.Thread.run()V+11
v  ~StubRoutines::call_stub

---------------  P R O C E S S  ---------------

Java Threads: ( => current thread )
  0x04a4d800 JavaThread "AWT-Shutdown" [_thread_blocked, id=7132, stack(0x05090000,0x050e0000)]
  0x04a4e800 JavaThread "Thread-1" daemon [_thread_in_native, id=2264, stack(0x04f00000,0x04f50000)]
  0x04a93000 JavaThread "TimerQueue" daemon [_thread_blocked, id=6904, stack(0x06f50000,0x06fa0000)]
  0x00749000 JavaThread "DestroyJavaVM" [_thread_blocked, id=6244, stack(0x00430000,0x00480000)]
=>0x04a4e000 JavaThread "AWT-Windows" daemon [_thread_in_native, id=1612, stack(0x05000000,0x05050000)]
  0x04a4b400 JavaThread "Java2D Disposer" daemon [_thread_blocked, id=6048, stack(0x04c70000,0x04cc0000)]
  0x00679400 JavaThread "Low Memory Detector" daemon [_thread_blocked, id=5376, stack(0x04940000,0x04990000)]
  0x0066c000 JavaThread "CompilerThread0" daemon [_thread_blocked, id=3088, stack(0x048b0000,0x04900000)]
  0x0066b400 JavaThread "Attach Listener" daemon [_thread_blocked, id=4712, stack(0x04820000,0x04870000)]
  0x00668000 JavaThread "Signal Dispatcher" daemon [_thread_blocked, id=6688, stack(0x04790000,0x047e0000)]
  0x00626c00 JavaThread "Finalizer" daemon [_thread_blocked, id=5604, stack(0x04700000,0x04750000)]
  0x00621800 JavaThread "Reference Handler" daemon [_thread_blocked, id=4160, stack(0x04670000,0x046c0000)]

Other Threads:
  0x00620400 VMThread [stack: 0x045e0000,0x04630000] [id=6576]
  0x0067b000 WatcherThread [stack: 0x049d0000,0x04a20000] [id=5792]

VM state:not at safepoint (normal execution)

VM Mutex/Monitor currently owned by a thread: None

Heap
 def new generation   total 4928K, used 698K [0x246f0000, 0x24c40000, 0x29c40000)
  eden space 4416K,  14% used [0x246f0000, 0x24794af8, 0x24b40000)
  from space 512K,   7% used [0x24b40000, 0x24b49da8, 0x24bc0000)
  to   space 512K,   0% used [0x24bc0000, 0x24bc0000, 0x24c40000)
 tenured generation   total 10944K, used 2738K [0x29c40000, 0x2a6f0000, 0x346f0000)
   the space 10944K,  25% used [0x29c40000, 0x29eecb58, 0x29eecc00, 0x2a6f0000)
 compacting perm gen  total 12288K, used 521K [0x346f0000, 0x352f0000, 0x386f0000)
   the space 12288K,   4% used [0x346f0000, 0x34772650, 0x34772800, 0x352f0000)
    ro space 10240K,  54% used [0x386f0000, 0x38c6c0f0, 0x38c6c200, 0x390f0000)
    rw space 12288K,  55% used [0x390f0000, 0x3978fb80, 0x3978fc00, 0x39cf0000)

Dynamic libraries:
0x00400000 - 0x00424000 	C:\Program Files (x86)\Java\jdk1.6.0_21\bin\java.exe
0x77130000 - 0x772b0000 	C:\Windows\SysWOW64\ntdll.dll
0x76600000 - 0x76700000 	C:\Windows\syswow64\kernel32.dll
0x751c0000 - 0x75206000 	C:\Windows\syswow64\KERNELBASE.dll
0x74ee0000 - 0x74f80000 	C:\Windows\syswow64\ADVAPI32.dll
0x75390000 - 0x7543c000 	C:\Windows\syswow64\msvcrt.dll
0x76500000 - 0x76519000 	C:\Windows\SysWOW64\sechost.dll
0x76700000 - 0x767f0000 	C:\Windows\syswow64\RPCRT4.dll
0x74ca0000 - 0x74d00000 	C:\Windows\syswow64\SspiCli.dll
0x74c90000 - 0x74c9c000 	C:\Windows\syswow64\CRYPTBASE.dll
0x7c340000 - 0x7c396000 	C:\Program Files (x86)\Java\jdk1.6.0_21\jre\bin\msvcr71.dll
0x6d8b0000 - 0x6db57000 	C:\Program Files (x86)\Java\jdk1.6.0_21\jre\bin\client\jvm.dll
0x757a0000 - 0x758a0000 	C:\Windows\syswow64\USER32.dll
0x74d60000 - 0x74df0000 	C:\Windows\syswow64\GDI32.dll
0x751b0000 - 0x751ba000 	C:\Windows\syswow64\LPK.dll
0x76b70000 - 0x76c0d000 	C:\Windows\syswow64\USP10.dll
0x71da0000 - 0x71dd2000 	C:\Windows\system32\WINMM.dll
0x74e50000 - 0x74eb0000 	C:\Windows\system32\IMM32.DLL
0x76520000 - 0x765ec000 	C:\Windows\syswow64\MSCTF.dll
0x71bf0000 - 0x71c3b000 	C:\Windows\system32\apphelp.dll
0x6d860000 - 0x6d86c000 	C:\Program Files (x86)\Java\jdk1.6.0_21\jre\bin\verify.dll
0x6d3e0000 - 0x6d3ff000 	C:\Program Files (x86)\Java\jdk1.6.0_21\jre\bin\java.dll
0x6d340000 - 0x6d348000 	C:\Program Files (x86)\Java\jdk1.6.0_21\jre\bin\hpi.dll
0x77100000 - 0x77105000 	C:\Windows\syswow64\PSAPI.DLL
0x6d8a0000 - 0x6d8af000 	C:\Program Files (x86)\Java\jdk1.6.0_21\jre\bin\zip.dll
0x6d0b0000 - 0x6d1fa000 	C:\Program Files (x86)\Java\jdk1.6.0_21\jre\bin\awt.dll
0x74530000 - 0x74581000 	C:\Windows\system32\WINSPOOL.DRV
0x75620000 - 0x7577c000 	C:\Windows\syswow64\ole32.dll
0x72690000 - 0x7282e000 	C:\Windows\WinSxS\x86_microsoft.windows.common-controls_6595b64144ccf1df_6.0.7600.16385_none_421189da2b7fabfc\COMCTL32.dll
0x74df0000 - 0x74e47000 	C:\Windows\syswow64\SHLWAPI.dll
0x748f0000 - 0x74903000 	C:\Windows\system32\DWMAPI.DLL
0x71b50000 - 0x71bd0000 	C:\Windows\system32\uxtheme.dll
0x6d2e0000 - 0x6d334000 	C:\Program Files (x86)\Java\jdk1.6.0_21\jre\bin\fontmanager.dll
0x67940000 - 0x67b03000 	C:\Windows\system32\d3d9.dll
0x72c00000 - 0x72c09000 	C:\Windows\system32\VERSION.dll
0x6a210000 - 0x6a216000 	C:\Windows\system32\d3d8thk.dll
0x69570000 - 0x69578000 	C:\Windows\system32\atiu9pag.dll
0x675b0000 - 0x6793e000 	C:\Windows\system32\atiumdag.dll
0x672b0000 - 0x675a2000 	C:\Windows\system32\atiumdva.dll
0x758a0000 - 0x764e9000 	C:\Windows\syswow64\shell32.dll
0x6d6c0000 - 0x6d6d3000 	C:\Program Files (x86)\Java\jdk1.6.0_21\jre\bin\net.dll
0x755e0000 - 0x75615000 	C:\Windows\syswow64\WS2_32.dll
0x765f0000 - 0x765f6000 	C:\Windows\syswow64\NSI.dll
0x70f40000 - 0x70f7c000 	C:\Windows\system32\mswsock.dll
0x745f0000 - 0x745f6000 	C:\Windows\System32\wship6.dll
0x6d6e0000 - 0x6d6e9000 	C:\Program Files (x86)\Java\jdk1.6.0_21\jre\bin\nio.dll
0x750d0000 - 0x7515f000 	C:\Windows\syswow64\OLEAUT32.DLL

VM Arguments:
jvm_args: -Dfile.encoding=UTF-8 
java_command: Academia.TelaCadastro
Launcher Type: SUN_STANDARD

Environment Variables:
PATH=C:\Program Files\Common Files\Microsoft Shared\Windows Live;C:\Program Files (x86)\Common Files\Microsoft Shared\Windows Live;C:\Windows\system32;C:\Windows;C:\Windows\System32\Wbem;C:\Windows\System32\WindowsPowerShell\v1.0\;C:\Program Files\WIDCOMM\Bluetooth Software\;C:\Program Files\WIDCOMM\Bluetooth Software\syswow64;C:\Program Files (x86)\ATI Technologies\ATI.ACE\Core-Static;C:\Program Files (x86)\Windows Live\Shared
USERNAME=Islas
OS=Windows_NT
PROCESSOR_IDENTIFIER=AMD64 Family 16 Model 6 Stepping 3, AuthenticAMD



---------------  S Y S T E M  ---------------

OS: Windows 7 Build 7600 

CPU:total 2 (2 cores per cpu, 1 threads per core) family 16 model 6 stepping 3, cmov, cx8, fxsr, mmx, sse, sse2, sse3, popcnt, mmxext, 3dnow, 3dnowext, lzcnt, sse4a

Memory: 4k page, physical 3926936k(1947240k free), swap 7851972k(4992140k free)

vm_info: Java HotSpot(TM) Client VM (17.0-b17) for windows-x86 JRE (1.6.0_21-b07), built on Jul 17 2010 01:10:15 by "java_re" with MS VC++ 7.1 (VS2003)

time: Sat Nov 05 17:22:05 2011
elapsed time: 10402 seconds

